


ARM Macro Assembler    Page 1 


    1 00000000         ; main.s
    2 00000000         ; UART0 (0x4000.C000)
    3 00000000         ; GIPO Port A Pins PA0:1 (0x4000.4000)
    4 00000000         ; Baud rate 38400
    5 00000000         ; 8 bits, odd parity, 2 stop bit
    6 00000000         ; Prescaler /16
    7 00000000         ; System clock 50Mhz
    8 00000000         
    9 00000000                 THUMB
   10 00000000                 AREA             DATA, ALIGN=2
   11 00000000 00 00 00 
              00       M       SPACE            4
   12 00000004         
   13 00000004                 ALIGN
   14 00000004                 AREA             main, CODE, READONLY, ALIGN=2
   15 00000000                 EXPORT           __main
   16 00000000         
   17 00000000 40004420 
                       GPIO_PORTA_AFSEL_R
                               EQU              0x40004420
   18 00000000 4000451C 
                       GPIO_PORTA_DEN_R
                               EQU              0x4000451C
   19 00000000 4000452C 
                       GPIO_PORTA_PCTL_R
                               EQU              0x4000452C
   20 00000000 4000C000 
                       UART0_DR_R
                               EQU              0x4000C000
   21 00000000 4000C018 
                       UART0_FR_R
                               EQU              0x4000C018
   22 00000000 4000C024 
                       UART0_IBRD_R
                               EQU              0x4000C024
   23 00000000 4000C028 
                       UART0_FBRD_R
                               EQU              0x4000C028
   24 00000000 4000C02C 
                       UART0_LCRH_R
                               EQU              0x4000C02C
   25 00000000 4000C030 
                       UART0_CTL_R
                               EQU              0x4000C030
   26 00000000 400FE618 
                       SYSCTL_RCGCUART_R
                               EQU              0x400FE618
   27 00000000 400FE608 
                       SYSCTL_RCGCGPIO_R
                               EQU              0x400FE608
   28 00000000 400FEA18 
                       SYSCTL_PRUART_R
                               EQU              0x400FEA18
   29 00000000         
   30 00000000         ; Start
   31 00000000         __main
   32 00000000 F000 F807       BL               initUART
   33 00000004 F000 F85F       BL               echo
   34 00000008         ; print >> here



ARM Macro Assembler    Page 2 


   35 00000008 F000 F83C       BL               inChar
   36 0000000C         ; print >> here
   37 0000000C F000 F84D       BL               outChar
   38 00000010         
   39 00000010         Spin
   40 00000010 E7FE            B                Spin
   41 00000012         
   42 00000012         ; 1 - activate UART0
   43 00000012         initUART
   44 00000012 4833            LDR              R0, =SYSCTL_RCGCUART_R
   45 00000014 6801            LDR              R1, [R0]
   46 00000016 F041 0101       ORR              R1, #0x1    ; bit 0 is UART0
   47 0000001A 6001            STR              R1, [R0]
   48 0000001C         
   49 0000001C         ; 2 - activate port A (GPIO port clock)
   50 0000001C 4831            LDR              R0, =SYSCTL_RCGCGPIO_R
   51 0000001E 6801            LDR              R1, [R0]
   52 00000020 F041 0101       ORR              R1, #0x1    ; bit 0 is Port A
   53 00000024 6001            STR              R1, [R0]
   54 00000026         
   55 00000026         ; 3 - wait for UART0 to be ready
   56 00000026         ; UART 0 is bit 0 = 2_00000001 (0x1)
   57 00000026 4830            LDR              R0, = SYSCTL_PRUART_R
   58 00000028 6801    U0NR    LDR              R1, [R0]
   59 0000002A F001 0101       AND              R1, #0x1
   60 0000002E 2900            CMP              R1, #0
   61 00000030 D0FA            BEQ              U0NR
   62 00000032         
   63 00000032         ; 4- deactivate UART
   64 00000032 482E            LDR              R0, =UART0_CTL_R
   65 00000034 6801            LDR              R1, [R0]
   66 00000036 F021 0101       BIC              R1, #0x01   ;URATE=0
   67 0000003A 6001            STR              R1, [R0]
   68 0000003C         
   69 0000003C         ; 5 - set baud rates (38400)
   70 0000003C         ; BRD = (sysclck/prescaler)/baudrate
   71 0000003C         ;    = (50000000/16) / 38400
   72 0000003C         ;    = 81.38020833333333
   73 0000003C         ; IBRD=81
   74 0000003C         ; FBRD=round(64*0.38020833333333) = 24
   75 0000003C 482C            LDR              R0, =UART0_IBRD_R
   76 0000003E F04F 0151       MOV              R1, #81
   77 00000042 6001            STR              R1, [R0]
   78 00000044         
   79 00000044 482B            LDR              R0, =UART0_FBRD_R
   80 00000046 F04F 0118       MOV              R1, #24
   81 0000004A 6001            STR              R1, [R0]
   82 0000004C         
   83 0000004C         ; 6 - set line control (8 bits, odd parity, 2 stop bits)
                       
   84 0000004C         ; WLEN (word length) = 0x3 (pin 6-5)
   85 0000004C         ; STP2 (two stop bit select) = 1 (pin 3)
   86 0000004C         ; EPS (even parity bit select) = 0 (pin 2)
   87 0000004C         ; PEN (parity bit enable) = 1 (pin 1)
   88 0000004C 482A            LDR              R0, =UART0_LCRH_R
   89 0000004E F04F 016A       MOV              R1, #2_01101010
   90 00000052 6001            STR              R1, [R0]
   91 00000054         
   92 00000054         ; 7 - enable UART, Rx, Tx, prescaler = 16



ARM Macro Assembler    Page 3 


   93 00000054         ; URATE=1, RXE=1, TXE=1, HSE=0 (high speed enable)
   94 00000054 4825            LDR              R0, =UART0_CTL_R
   95 00000056 6801            LDR              R1, [R0]
   96 00000058 F44F 7240       MOV              R2, #0x300  ; 2_0011 0000 0000
   97 0000005C EA41 0102       ORR              R1, R2
   98 00000060 F041 0101       ORR              R1, #0x01   ; pin 0 - URATEN, 1
                                                             = enable
   99 00000064 6001            STR              R1, [R0]
  100 00000066         
  101 00000066         ; 8 - enable GPIO alternate function
  102 00000066 4825            LDR              R0, =GPIO_PORTA_AFSEL_R
  103 00000068 6801            LDR              R1, [R0]
  104 0000006A F041 0103       ORR              R1, #0x03   ; pins 0-1 (not con
                                                            trolled by GPIO)
  105 0000006E 6001            STR              R1, [R0]
  106 00000070         
  107 00000070         ; 10 - enable digital I/O
  108 00000070 4823            LDR              R0, =GPIO_PORTA_DEN_R
  109 00000072 6801            LDR              R1, [R0]
  110 00000074 F041 0103       ORR              R1, #0x03   ; pins 0-1 enabled
  111 00000078 6001            STR              R1, [R0]
  112 0000007A         
  113 0000007A         ; 9 - configure as UART
  114 0000007A 4922            LDR              R1, =GPIO_PORTA_PCTL_R
  115 0000007C F04F 0011       MOV              R0, #0x00000011 ; Port Mux Cont
                                                            rol 1 and 0 
  116 00000080 6008            STR              R0, [R1]
  117 00000082         
  118 00000082 4770            BX               LR
  119 00000084         
  120 00000084         inChar
  121 00000084 4820            LDR              R0, =UART0_FR_R
  122 00000086 4A21            LDR              R2, =UART0_DR_R
  123 00000088 6801    checkInChar
                               LDR              R1, [R0]
  124 0000008A F001 0110       AND              R1, #0x10   ; check bit 4 = 0 (
                                                            RXFE - data availab
                                                            le)
  125 0000008E EA4F 1111       LSR              R1, #4      ; shift - 1 0000 to
                                                             0001
  126 00000092 2901            CMP              R1, #0x1
  127 00000094 D0F8            BEQ              checkInChar
  128 00000096 6813            LDR              R3, [R2]
  129 00000098 2B1B            CMP              R3, #0x1B
  130 0000009A D0B9            BEQ              Spin
  131 0000009C 6013            STR              R3, [R2]
  132 0000009E B500            push             {LR}
  133 000000A0 F000 F817       BL               delay
  134 000000A4 F85D EB04       pop              {LR}
  135 000000A8         ;BX LR
  136 000000A8 E7EC            b                inChar
  137 000000AA         
  138 000000AA         outChar
  139 000000AA 4817            LDR              R0, =UART0_FR_R
  140 000000AC 4A17            LDR              R2, =UART0_DR_R
  141 000000AE 6801    checkOutChar
                               LDR              R1, [R0]
  142 000000B0 F001 0120       AND              R1, #0x20   ; check bit 5 = 0 (
                                                            TXFF - ready for da



ARM Macro Assembler    Page 4 


                                                            ta)
  143 000000B4 EA4F 1151       LSR              R1, #5      ; shift - 10 0000 t
                                                            o 0001
  144 000000B8 2901            CMP              R1, #0x1
  145 000000BA D1F8            BNE              checkOutChar
  146 000000BC 461A            MOV              R2, R3
  147 000000BE 6013            STR              R3, [R2]
  148 000000C0 F000 F807       BL               delay
  149 000000C4 4770            BX               LR
  150 000000C6         
  151 000000C6         echo
  152 000000C6 4811            LDR              R0, =UART0_DR_R
  153 000000C8 6801            LDR              R1, [R0]
  154 000000CA F643 613E       MOV              R1, #0x3E3E
  155 000000CE 6001            STR              R1, [R0]
  156 000000D0 4770            BX               LR
  157 000000D2         
  158 000000D2         delay
  159 000000D2         ;PUSH {LR, R0} ; save current values of R0 & LR
  160 000000D2 F44F 3080       LDR              R0, =0x10000 ; R0=SIZE
  161 000000D6 F1A0 0001 
                       cntdn   SUB              R0, #1      ; R0=R0-1 takes 1 c
                                                            ycle
  162 000000DA 2800            CMP              R0, #0      ; ans=(R0-0) takes 
                                                            1 cycle
  163 000000DC D1FB            BNE              cntdn       ; if (ans!=0) branc
                                                            h to cntdn takes 2 
                                                            cycles
  164 000000DE         ;POP {LR, R0} ; restore previous R0 & LR
  165 000000DE 4770            BX               LR          ; return from subro
                                                            utine
  166 000000E0         
  167 000000E0                 ALIGN
  168 000000E0                 END
              400FE618 
              400FE608 
              400FEA18 
              4000C030 
              4000C024 
              4000C028 
              4000C02C 
              40004420 
              4000451C 
              4000452C 
              4000C018 
              4000C000 
Command Line: --debug --xref --diag_suppress=9931 --cpu=Cortex-M4.fp --apcs=int
erwork --depend=.\objects\main.d -o.\objects\main.o -IC:\Users\s2588416\Desktop
\template\template\RTE -IC:\Keil_v5\ARM\PACK\ARM\CMSIS\4.3.0\CMSIS\Include -IC:
\Keil_v5\ARM\PACK\Keil\TM4C_DFP\1.0.0\Device\Include\TM4C123 --predefine="__EVA
L SETA 1" --predefine="__UVISION_VERSION SETA 515" --predefine="_RTE_ SETA 1" -
-predefine="TM4C123GH6PM SETA 1" --list=.\listings\main.lst main.s



ARM Macro Assembler    Page 1 Alphabetic symbol ordering
Relocatable symbols

DATA 00000000

Symbol: DATA
   Definitions
      At line 10 in file main.s
   Uses
      None
Comment: DATA unused
M 00000000

Symbol: M
   Definitions
      At line 11 in file main.s
   Uses
      None
Comment: M unused
2 symbols



ARM Macro Assembler    Page 1 Alphabetic symbol ordering
Relocatable symbols

Spin 00000010

Symbol: Spin
   Definitions
      At line 39 in file main.s
   Uses
      At line 40 in file main.s
      At line 130 in file main.s

U0NR 00000028

Symbol: U0NR
   Definitions
      At line 58 in file main.s
   Uses
      At line 61 in file main.s
Comment: U0NR used once
__main 00000000

Symbol: __main
   Definitions
      At line 31 in file main.s
   Uses
      At line 15 in file main.s
Comment: __main used once
checkInChar 00000088

Symbol: checkInChar
   Definitions
      At line 123 in file main.s
   Uses
      At line 127 in file main.s
Comment: checkInChar used once
checkOutChar 000000AE

Symbol: checkOutChar
   Definitions
      At line 141 in file main.s
   Uses
      At line 145 in file main.s
Comment: checkOutChar used once
cntdn 000000D6

Symbol: cntdn
   Definitions
      At line 161 in file main.s
   Uses
      At line 163 in file main.s
Comment: cntdn used once
delay 000000D2

Symbol: delay
   Definitions
      At line 158 in file main.s
   Uses
      At line 133 in file main.s
      At line 148 in file main.s

echo 000000C6



ARM Macro Assembler    Page 2 Alphabetic symbol ordering
Relocatable symbols


Symbol: echo
   Definitions
      At line 151 in file main.s
   Uses
      At line 33 in file main.s
Comment: echo used once
inChar 00000084

Symbol: inChar
   Definitions
      At line 120 in file main.s
   Uses
      At line 35 in file main.s
      At line 136 in file main.s

initUART 00000012

Symbol: initUART
   Definitions
      At line 43 in file main.s
   Uses
      At line 32 in file main.s
Comment: initUART used once
main 00000000

Symbol: main
   Definitions
      At line 14 in file main.s
   Uses
      None
Comment: main unused
outChar 000000AA

Symbol: outChar
   Definitions
      At line 138 in file main.s
   Uses
      At line 37 in file main.s
Comment: outChar used once
12 symbols



ARM Macro Assembler    Page 1 Alphabetic symbol ordering
Absolute symbols

GPIO_PORTA_AFSEL_R 40004420

Symbol: GPIO_PORTA_AFSEL_R
   Definitions
      At line 17 in file main.s
   Uses
      At line 102 in file main.s
Comment: GPIO_PORTA_AFSEL_R used once
GPIO_PORTA_DEN_R 4000451C

Symbol: GPIO_PORTA_DEN_R
   Definitions
      At line 18 in file main.s
   Uses
      At line 108 in file main.s
Comment: GPIO_PORTA_DEN_R used once
GPIO_PORTA_PCTL_R 4000452C

Symbol: GPIO_PORTA_PCTL_R
   Definitions
      At line 19 in file main.s
   Uses
      At line 114 in file main.s
Comment: GPIO_PORTA_PCTL_R used once
SYSCTL_PRUART_R 400FEA18

Symbol: SYSCTL_PRUART_R
   Definitions
      At line 28 in file main.s
   Uses
      At line 57 in file main.s
Comment: SYSCTL_PRUART_R used once
SYSCTL_RCGCGPIO_R 400FE608

Symbol: SYSCTL_RCGCGPIO_R
   Definitions
      At line 27 in file main.s
   Uses
      At line 50 in file main.s
Comment: SYSCTL_RCGCGPIO_R used once
SYSCTL_RCGCUART_R 400FE618

Symbol: SYSCTL_RCGCUART_R
   Definitions
      At line 26 in file main.s
   Uses
      At line 44 in file main.s
Comment: SYSCTL_RCGCUART_R used once
UART0_CTL_R 4000C030

Symbol: UART0_CTL_R
   Definitions
      At line 25 in file main.s
   Uses
      At line 64 in file main.s
      At line 94 in file main.s

UART0_DR_R 4000C000




ARM Macro Assembler    Page 2 Alphabetic symbol ordering
Absolute symbols

Symbol: UART0_DR_R
   Definitions
      At line 20 in file main.s
   Uses
      At line 122 in file main.s
      At line 140 in file main.s
      At line 152 in file main.s

UART0_FBRD_R 4000C028

Symbol: UART0_FBRD_R
   Definitions
      At line 23 in file main.s
   Uses
      At line 79 in file main.s
Comment: UART0_FBRD_R used once
UART0_FR_R 4000C018

Symbol: UART0_FR_R
   Definitions
      At line 21 in file main.s
   Uses
      At line 121 in file main.s
      At line 139 in file main.s

UART0_IBRD_R 4000C024

Symbol: UART0_IBRD_R
   Definitions
      At line 22 in file main.s
   Uses
      At line 75 in file main.s
Comment: UART0_IBRD_R used once
UART0_LCRH_R 4000C02C

Symbol: UART0_LCRH_R
   Definitions
      At line 24 in file main.s
   Uses
      At line 88 in file main.s
Comment: UART0_LCRH_R used once
12 symbols
363 symbols in table
